c:\users\msi\desktop\calculator\debug\vc141.pdb
c:\users\msi\desktop\calculator\debug\vc141.idb
c:\users\msi\desktop\calculator\debug\maindlg.obj
c:\users\msi\desktop\calculator\debug\main.obj
c:\users\msi\desktop\calculator\debug\label.obj
c:\users\msi\desktop\calculator\debug\editbox.obj
c:\users\msi\desktop\calculator\debug\dlgboxtemplate.obj
c:\users\msi\desktop\calculator\debug\control.obj
c:\users\msi\desktop\calculator\debug\combobox.obj
c:\users\msi\desktop\calculator\debug\button.obj
c:\users\msi\desktop\calculator\calculator.exe
c:\users\msi\desktop\calculator\calculator.ilk
c:\users\msi\desktop\calculator\calculator.pdb
c:\users\msi\desktop\calculator\debug\resource.res
c:\users\msi\desktop\calculator\debug\calculator.tlog\cl.command.1.tlog
c:\users\msi\desktop\calculator\debug\calculator.tlog\cl.read.1.tlog
c:\users\msi\desktop\calculator\debug\calculator.tlog\cl.write.1.tlog
c:\users\msi\desktop\calculator\debug\calculator.tlog\link.command.1.tlog
c:\users\msi\desktop\calculator\debug\calculator.tlog\link.read.1.tlog
c:\users\msi\desktop\calculator\debug\calculator.tlog\link.write.1.tlog
c:\users\msi\desktop\calculator\debug\calculator.tlog\rc.command.1.tlog
c:\users\msi\desktop\calculator\debug\calculator.tlog\rc.read.1.tlog
c:\users\msi\desktop\calculator\debug\calculator.tlog\rc.write.1.tlog
